0 info it worked if it ends with ok
1 verbose cli [ '/usr/bin/node', '/usr/bin/npm', 'run', 'test' ]
2 info using npm@3.5.2
3 info using node@v8.10.0
4 verbose run-script [ 'pretest', 'test', 'posttest' ]
5 info lifecycle fullstack_blogilista@1.0.0~pretest: fullstack_blogilista@1.0.0
6 silly lifecycle fullstack_blogilista@1.0.0~pretest: no script for pretest, continuing
7 info lifecycle fullstack_blogilista@1.0.0~test: fullstack_blogilista@1.0.0
8 verbose lifecycle fullstack_blogilista@1.0.0~test: unsafe-perm in lifecycle true
9 verbose lifecycle fullstack_blogilista@1.0.0~test: PATH: /usr/share/npm/bin/node-gyp-bin:/mnt/c/Users/Omistaja/Documents/Koulu/fullstack_blogilista/node_modules/.bin:/usr/local/sbin:/usr/local/bin:/usr/sbin:/usr/bin:/sbin:/bin:/usr/games:/usr/local/games:/mnt/c/ProgramData/Boxstarter:/mnt/c/Program Files (x86)/Common Files/Oracle/Java/javapath:/mnt/c/Windows/System32:/mnt/c/Windows:/mnt/c/Windows/System32/wbem:/mnt/c/Windows/System32/WindowsPowerShell/v1.0:/mnt/c/Windows/System32/OpenSSH:/mnt/c/ProgramData/chocolatey/bin:/mnt/c/Program Files (x86)/Yarn/bin:/mnt/c/Program Files/dotnet:/mnt/c/Windows/System32:/mnt/c/Windows:/mnt/c/Windows/System32/wbem:/mnt/c/Windows/System32/WindowsPowerShell/v1.0:/mnt/c/Windows/System32/OpenSSH:/mnt/c/Users/Omistaja/AppData/Local/Microsoft/WindowsApps:/mnt/c/Users/Omistaja/AppData/Local/Yarn/bin:/mnt/c/Users/Omistaja/AppData/Local/Microsoft/WindowsApps:/snap/bin
10 verbose lifecycle fullstack_blogilista@1.0.0~test: CWD: /mnt/c/Users/Omistaja/Documents/Koulu/fullstack_blogilista
11 silly lifecycle fullstack_blogilista@1.0.0~test: Args: [ '-c', 'cross-env NODE_ENV=test jest --verbose --runInBand' ]
12 silly lifecycle fullstack_blogilista@1.0.0~test: Returned: code: 1  signal: null
13 info lifecycle fullstack_blogilista@1.0.0~test: Failed to exec test script
14 verbose stack Error: fullstack_blogilista@1.0.0 test: `cross-env NODE_ENV=test jest --verbose --runInBand`
14 verbose stack Exit status 1
14 verbose stack     at EventEmitter.<anonymous> (/usr/share/npm/lib/utils/lifecycle.js:232:16)
14 verbose stack     at emitTwo (events.js:126:13)
14 verbose stack     at EventEmitter.emit (events.js:214:7)
14 verbose stack     at ChildProcess.<anonymous> (/usr/share/npm/lib/utils/spawn.js:24:14)
14 verbose stack     at emitTwo (events.js:126:13)
14 verbose stack     at ChildProcess.emit (events.js:214:7)
14 verbose stack     at maybeClose (internal/child_process.js:925:16)
14 verbose stack     at Process.ChildProcess._handle.onexit (internal/child_process.js:209:5)
15 verbose pkgid fullstack_blogilista@1.0.0
16 verbose cwd /mnt/c/Users/Omistaja/Documents/Koulu/fullstack_blogilista
17 error Linux 4.4.0-17763-Microsoft
18 error argv "/usr/bin/node" "/usr/bin/npm" "run" "test"
19 error node v8.10.0
20 error npm  v3.5.2
21 error code ELIFECYCLE
22 error fullstack_blogilista@1.0.0 test: `cross-env NODE_ENV=test jest --verbose --runInBand`
22 error Exit status 1
23 error Failed at the fullstack_blogilista@1.0.0 test script 'cross-env NODE_ENV=test jest --verbose --runInBand'.
23 error Make sure you have the latest version of node.js and npm installed.
23 error If you do, this is most likely a problem with the fullstack_blogilista package,
23 error not with npm itself.
23 error Tell the author that this fails on your system:
23 error     cross-env NODE_ENV=test jest --verbose --runInBand
23 error You can get information on how to open an issue for this project with:
23 error     npm bugs fullstack_blogilista
23 error Or if that isn't available, you can get their info via:
23 error     npm owner ls fullstack_blogilista
23 error There is likely additional logging output above.
24 verbose exit [ 1, true ]
